C51 COMPILER V9.59.0.0   HC595                                                             04/29/2026 18:27:09 PAGE 1   


C51 COMPILER V9.59.0.0, COMPILATION OF MODULE HC595
OBJECT MODULE PLACED IN .\Objects\hc595.obj
COMPILER INVOKED BY: C:\Users\Luna\AppData\Local\Keil_v5\C51\BIN\C51.EXE hc595.c OPTIMIZE(8,SPEED) BROWSE DEBUG OBJECTEX
                    -TEND PRINT(.\Listings\hc595.lst) OBJECT(.\Objects\hc595.obj)

line level    source

   1          #include "hc595.h"
   2          
   3          // 共阴数码管段码表
   4          unsigned char code DispCode[] = {0x3F, 0x06, 0x5B, 0x4F, 0x66, 0x6D, 0x7D, 0x07, 0x7F, 0x6F,
   5                                            //      0    1    2    3    4    5   6    7    8    9
   6                                           0x77, 0x7C, 0x39, 0x5E, 0x79, 0x71, 0x3D, 0x76, 0x74, 0x30,
   7                                           //      A         b    C          d      E        F   G          H        h      I
   8                                           0x10, 0x1E, 0x38, 0x54, 0x5C, 0x73, 0x67, 0x50, 0x31, 0x78,
   9                                           //      i    J    L       n    o          P   q          r    R          t
  10                                           0x3E, 0x1C, 0x40, 0x48, 0x08, 0x00};
  11          //      U          V   一    二   _    灭
  12          // 显示缓冲区
  13          unsigned char idata DispBuf[8];
  14          
  15          
  16          
  17          void HC595_Delayms(unsigned int ms)
  18          {
  19   1          unsigned int i;
  20   1          while ((ms--) != 0) {
  21   2              for (i = 0; i < 600; i++);
  22   2          }
  23   1      }
  24          #define FOSC 11059200L
  25          
  26          void Timer2_Init(void)
  27          {
  28   1          // 12T模式，定时器模式
  29   1          AUXR &= 0xFB; // 12T
  30   1          AUXR &= 0xF7; // 定时模式
  31   1      
  32   1          // 10ms初值计算：65536 - 11059200/12 * 0.01 = 65536 - 9216 = 56320
  33   1          T2H = 0xDC; // 高8位
  34   1          T2L = 0x00; // 低8位
  35   1      
  36   1          IE2 |= 0x04;  // 使能T2中断
  37   1          AUXR |= 0x10; // 启动T2
  38   1          EA = 1;       // 开总中断
  39   1      }
  40          
  41          
  42          /***********************************************
  43          函数名称：HC595_SendWord
  44          功    能：HC595发送两个字节数据。
  45          入口参数：dat:显示的字型码
  46                              dig:点亮的数码管位 dig中为0的位，则对应的数码管点亮
  47                    例如:dig=0x1111 1110,将dig送入U3芯片HC595后，最低位的0数据
  48                    将出现在原理图的Q0管脚，则该脚对应的数码管点亮，其他数码管熄灭。
  49          返 回 值：无
  50          备    注：两片HC595，发送两个字节数据，高字节
  51                    为数码管段码，低字节为选择点亮哪个数码管。
  52                              该程序点亮数码管可以结合原理图来看，
  53                              否则不好理解，和电路原理关系密切。
  54          ************************************************/
C51 COMPILER V9.59.0.0   HC595                                                             04/29/2026 18:27:09 PAGE 2   

  55          void HC595_SendWord(unsigned char dat, unsigned char dig)
  56          {
  57   1          unsigned char i;       // 定义计数器
  58   1          unsigned int temp = 0; // 定义数据变量
  59   1          // 将两个8位变量合并成一个16字节变量
  60   1          temp = dat;
  61   1          temp = temp << 8 | dig;
  62   1          // 送出数据
  63   1          for (i = 0; i < 16; i++) {
  64   2              HC595_SCK_Clr(); // 置低时钟线
  65   2      
  66   2              if ((temp & 0x8000) == 0x8000) // 先发送高字节
  67   2              {
  68   3                  HC595_DAT_Set(); // 置高信号线
  69   3              } else {
  70   3                  HC595_DAT_Clr(); // 置低信号线
  71   3              }
  72   2              HC595_SCK_Set(); // 置高时钟线
  73   2      
  74   2              temp <<= 1; // 数据左移
  75   2          }
  76   1          // 锁存信号上升沿锁存数据 数据输出到端口
  77   1          HC595_RCK_Clr();
  78   1          HC595_RCK_Set();
  79   1      }
  80          /***********************************************
  81          函数名称：LED_Display
  82          功    能：数码管显示函数
  83          入口参数：无
  84          返 回 值：无
  85          备    注：无
  86          ************************************************/
  87          void LED_Display(void)
  88          {
  89   1          // 使用静态变量，要不每次调用该函数的时候LED_Cnt都为0，无法累计计数。
  90   1          static unsigned char LED_Cnt = 0;
  91   1          // 将待显示的字型码和点亮的数码管位送至HC595。
  92   1          // 由于是共阴数码管，将八段数码管共阴极拉低，显示数据。
  93   1          // DispBuf[LED_Cnt]:为显示的内容
  94   1          // DispCode[DispBuf[LED_Cnt]:为将显示的内容转换成对应的字形码
  95   1          // 数码管按字形码显示出来就是我们看到的显示内容
  96   1      
  97   1          //~(0x01<<LED_Cnt),当LED_Cnt=0时等价于:0x1111 1110 当LED_Cnt=1时等价于：0x1111 1101
  98   1          // 以此类推，依次有一位为0，为0的位对应的数码管点亮
  99   1          HC595_OE_Set(); // 关闭显示
 100   1      
 101   1          // 将待显示的字型码和点亮的数码管号送到端口
 102   1          HC595_SendWord(DispCode[DispBuf[LED_Cnt]], (~(0x01 << LED_Cnt)));
 103   1      
 104   1          HC595_OE_Clr(); // 打开显示
 105   1      
 106   1          LED_Cnt++;        // 计数器加1
 107   1          if (LED_Cnt == 8) // 扫描八位数码管
 108   1          {
 109   2              LED_Cnt = 0;
 110   2          }
 111   1      }
 112          /***********************************************
 113          函数名称：HC595_Clear
 114          功    能：清除显示函数
 115          入口参数：无
 116          返 回 值：无
C51 COMPILER V9.59.0.0   HC595                                                             04/29/2026 18:27:09 PAGE 3   

 117          备    注：无
 118          ************************************************/
 119          void HC595_Clear(void)
 120          {
 121   1          unsigned char i;
 122   1          // 清除显示缓冲区内容
 123   1          for (i = 0; i < 8; i++) {
 124   2              // 35为DispCode[35]中定义的数码管熄灭的字形码
 125   2              DispBuf[i] = 35;
 126   2          }
 127   1      
 128   1          // 数据0x00为字形码，0xff为数码管位码
 129   1          // 由原理图可知该开发板使用共阴极数码管
 130   1          // 共阴极数码管特点是字形码端高电平，位码端低电平，数码管才能点亮
 131   1          // 现在发送的字形码全为低电平，位码全为高电平，所以全部熄灭
 132   1          HC595_SendWord(0x00, 0xff);
 133   1      }
 134          /***********************************************
 135          函数名称：HC595_Init
 136          功    能：显示初始化函数
 137          入口参数：无
 138          返 回 值：无
 139          备    注：无
 140          ************************************************/
 141          void HC595_Init(void)
 142          {
 143   1          // 等待HC595上电稳定
 144   1          HC595_Delayms(10);
 145   1      
 146   1          // 初始化P41,P42,P45口为准双向口
 147   1          P4M1 &= ~((1 << 1) | (1 << 2) | (1 << 5));
 148   1          P4M0 &= ~((1 << 1) | (1 << 2) | (1 << 5));
 149   1      
 150   1          // 初始化P37口为准双向口
 151   1          P3M1 &= ~(1 << 7);
 152   1          P3M0 &= ~(1 << 7);
 153   1      
 154   1          // 分析
 155   1          //   1<<0等价于0x01 即 0000 0001
 156   1          //   1<<1等价于0x02 即 0000 0010
 157   1          //   1<<2等价于0x04 即 0000 0100
 158   1          //   1<<3等价于0x08 即 0000 1000
 159   1          //   以此类推1<<n 即第n位为1，其余位是0
 160   1      
 161   1          //  x |=(1<<n)  即对x执行按位取或
 162   1          //  即x中的第n位置为1，不改变其他位状态
 163   1      
 164   1          //  y &=~(1<<n)  即将1<<n按位取反，然后对y按位取与
 165   1          //  即y中的第n位置为0，不改变其他位状态
 166   1      
 167   1          // 将端口置低，赋予端口固定电平
 168   1          HC595_DAT_Clr();
 169   1          HC595_SCK_Clr();
 170   1          HC595_RCK_Clr();
 171   1          // 关闭显示
 172   1          HC595_OE_Set();
 173   1          // 清除显示内容
 174   1          HC595_Clear();
 175   1          Timer2_Init();
 176   1      }
 177          /***********************************************
 178          函数名称：ToDisplayBuf
C51 COMPILER V9.59.0.0   HC595                                                             04/29/2026 18:27:09 PAGE 4   

 179          功    能：把待显示的数据放入显示缓冲区
 180          入口参数：High_Dat：高四位数码管数据
 181                              Low_Dat： 低四位数码管数据
 182          返 回 值：无
 183          备    注：无
 184          ************************************************/
 185          void ToDisplayBuf(unsigned int High_Dat, unsigned int Low_Dat)
 186          {
 187   1          // High_Dat/10的意思是判断千位，百位，十位是否为0
 188   1          // 例如High_Dat=1234, High_Dat/10=123
 189   1          // 如果High_Dat/10==0必然千位，百位，十位都为0，这三位上的0不显示，称为消隐
 190   1          // 个位不需要判断是否消隐，直接显示
 191   1          if ((High_Dat / 10) == 0) {
 192   2              // 35为DispCode[35]中定义的数码管熄灭的字形码
 193   2              DispBuf[DIG1] = 35;            // High_Dat的千位
 194   2              DispBuf[DIG2] = 35;            // High_Dat的百位
 195   2              DispBuf[DIG3] = 35;            // High_Dat的十位
 196   2              DispBuf[DIG4] = High_Dat % 10; // High_Dat的个位
 197   2          }
 198   1          // High_Dat/100的意思是判断千位，百位是否为0
 199   1          else if ((High_Dat / 100) == 0) {
 200   2              DispBuf[DIG1] = 35;                  // High_Dat的千位
 201   2              DispBuf[DIG2] = 35;                  // High_Dat的百位
 202   2              DispBuf[DIG3] = High_Dat % 100 / 10; // High_Dat的十位
 203   2              DispBuf[DIG4] = High_Dat % 10;       // High_Dat的个位
 204   2          }
 205   1          // High_Dat/1000的意思是判断千位是否为0
 206   1          else if ((High_Dat / 1000) == 0) {
 207   2              DispBuf[DIG1] = 35;                    // High_Dat的千位
 208   2              DispBuf[DIG2] = High_Dat % 1000 / 100; // High_Dat的百位
 209   2              DispBuf[DIG3] = High_Dat % 100 / 10;   // High_Dat的十位
 210   2              DispBuf[DIG4] = High_Dat % 10;         // High_Dat的个位
 211   2          } else {
 212   2              DispBuf[DIG1] = High_Dat % 10000 / 1000; // High_Dat的千位
 213   2              DispBuf[DIG2] = High_Dat % 1000 / 100;   // High_Dat的百位
 214   2              DispBuf[DIG3] = High_Dat % 100 / 10;     // High_Dat的十位
 215   2              DispBuf[DIG4] = High_Dat % 10;           // High_Dat的个位
 216   2          }
 217   1      
 218   1          // Low_Dat/10的意思是判断千位，百位，十位是否为0
 219   1          // 例如Low_Dat=1234, Low_Dat/10=123
 220   1          // 如果Low_Dat/10==0必然千位，百位，十位都为0，这三位上的0不显示，称为消隐
 221   1          // 个位不需要判断是否消隐，直接显示
 222   1          if ((Low_Dat / 10) == 0) {
 223   2              // 35为DispCode[35]中定义的数码管熄灭的字形码
 224   2              DispBuf[DIG5] = 35;           // Low_Dat的千位
 225   2              DispBuf[DIG6] = 35;           // Low_Dat的百位
 226   2              DispBuf[DIG7] = 35;           // Low_Dat的十位
 227   2              DispBuf[DIG8] = Low_Dat % 10; // Low_Dat的个位
 228   2          }
 229   1          // Low_Dat/100的意思是判断千位，百位是否为0
 230   1          else if ((Low_Dat / 100) == 0) {
 231   2              DispBuf[DIG5] = 35;                 // Low_Dat的千位
 232   2              DispBuf[DIG6] = 35;                 // Low_Dat的百位
 233   2              DispBuf[DIG7] = Low_Dat % 100 / 10; // Low_Dat的十位
 234   2              DispBuf[DIG8] = Low_Dat % 10;       // Low_Dat的个位
 235   2          }
 236   1          // Low_Dat/1000的意思是判断千位是否为0
 237   1          else if ((Low_Dat / 1000) == 0) {
 238   2              DispBuf[DIG5] = 35;                   // Low_Dat的千位
 239   2              DispBuf[DIG6] = Low_Dat % 1000 / 100; // Low_Dat的百位
 240   2              DispBuf[DIG7] = Low_Dat % 100 / 10;   // Low_Dat的十位
C51 COMPILER V9.59.0.0   HC595                                                             04/29/2026 18:27:09 PAGE 5   

 241   2              DispBuf[DIG8] = Low_Dat % 10;         // Low_Dat的个位
 242   2          } else {
 243   2              DispBuf[DIG5] = Low_Dat % 10000 / 1000; // Low_Dat的千位
 244   2              DispBuf[DIG6] = Low_Dat % 1000 / 100;   // Low_Dat的百位
 245   2              DispBuf[DIG7] = Low_Dat % 100 / 10;     // Low_Dat的十位
 246   2              DispBuf[DIG8] = Low_Dat % 10;           // Low_Dat的个位
 247   2          }
 248   1      }


MODULE INFORMATION:   STATIC OVERLAYABLE
   CODE SIZE        =    690    ----
   CONSTANT SIZE    =     36    ----
   XDATA SIZE       =   ----    ----
   PDATA SIZE       =   ----    ----
   DATA SIZE        =      1       2
   IDATA SIZE       =      8    ----
   BIT SIZE         =   ----    ----
END OF MODULE INFORMATION.


C51 COMPILATION COMPLETE.  0 WARNING(S),  0 ERROR(S)
