C51 COMPILER V9.59.0.0   KEY                                                               04/18/2026 23:02:51 PAGE 1   


C51 COMPILER V9.59.0.0, COMPILATION OF MODULE KEY
OBJECT MODULE PLACED IN .\Objects\key.obj
COMPILER INVOKED BY: C:\Users\Luna\AppData\Local\Keil_v5\C51\BIN\C51.EXE key.c OPTIMIZE(8,SPEED) BROWSE DEBUG OBJECTEXTE
                    -ND PRINT(.\Listings\key.lst) OBJECT(.\Objects\key.obj)

line level    source

   1          #include "key.h"
   2          
   3          void Delay_ms(unsigned int ms)
   4          {
   5   1          unsigned int i;
   6   1          while ((ms--) != 0) {
   7   2              for (i = 0; i < 600; i++);
   8   2          }
   9   1      }
  10          
  11          /***********************************************
  12          函数名称：IO_Init
  13          功    能：单片机IO端口模式初始化
  14          入口参数：无
  15          返 回 值：无
  16          备    注：无
  17          ************************************************/
  18          void IO_Init(void)
  19          {
  20   1          // 将P32 P33 P34 P35 P36设置为准双向口
  21   1          P3M1 &= ~((1 << 2) | (1 << 3) | (1 << 4) | (1 << 5) | (1 << 6));
  22   1          P3M0 &= ~((1 << 2) | (1 << 3) | (1 << 4) | (1 << 5) | (1 << 6));
  23   1      }
  24          
  25          /***********************************************
  26          函数名称：Key_Scan
  27          功    能：按键扫描函数
  28          入口参数：无
  29          返 回 值：键值
  30          备    注：无
  31          ************************************************/
  32          unsigned char Key_Scan(void)
  33          {
  34   1          unsigned char KeyTemp1, KeyTemp2;
  35   1          unsigned char KeyValue = 0;
  36   1          static unsigned char KeyCount = 0;
  37   1          unsigned char longKey = 0;
  38   1          // 以下为S12，S13，S14独立按键扫描
  39   1          // 读入的端口先置高,准双向口做输入必须先置高
  40   1          // 1<<K12相当于1<<4 = (0001 0000) 即K12所在的P34口置高
  41   1          KEYPORT |= (1 << K12) | (1 << K13) | (1 << K14);
  42   1          // 将读入端口不用的位屏蔽掉
  43   1          KeyTemp1 = KEYPORT | (~((1 << K12) | (1 << K13) | (1 << K14)));
  44   1          if (KeyTemp1 != 0xff) // 如果有键按下
  45   1          {
  46   2              Delay_ms(10);                                                   // 延时，防抖动
  47   2              KeyTemp1 = KEYPORT | (~((1 << K12) | (1 << K13) | (1 << K14))); // 再次读取
  48   2      
  49   2              if (KeyTemp1 != 0xff) {
  50   3                  KeyTemp2   = KeyTemp1;
  51   3                  KeyCount   = 0;
  52   3                  longKey    = 0;
  53   3                  while (KeyTemp1 != 0xff) // 等待按键释放并判断长按
  54   3                  {
C51 COMPILER V9.59.0.0   KEY                                                               04/18/2026 23:02:51 PAGE 2   

  55   4                      Delay_ms(10);
  56   4                      KeyTemp1 = KEYPORT | (~((1 << K12) | (1 << K13) | (1 << K14)));
  57   4                      if (KeyCount++ > 50) {
  58   5                          longKey = 1;
  59   5                      }
  60   4                  }
  61   3                  switch (KeyTemp2) {
  62   4                      case ~(1 << K12): // S12按下
  63   4                      {
  64   5                          if (longKey == 0)
  65   5                              KeyValue = KEY12;
  66   5                          else
  67   5                              KeyValue = KEY12L;
  68   5      
  69   5                      } break;
  70   4                      case ~(1 << K13): // S13按下
  71   4                      {
  72   5                          if (longKey == 0)
  73   5                              KeyValue = KEY13;
  74   5                          else
  75   5                              KeyValue = KEY13L;
  76   5                      } break;
  77   4                      case ~(1 << K14): // S14按下
  78   4                      {
  79   5                          if (longKey == 0)
  80   5                              KeyValue = KEY14;
  81   5                          else
  82   5                              KeyValue = KEY14L;
  83   5                      } break;
  84   4                  }
  85   3                  return KeyValue;
  86   3              } else {
  87   3                  return 0;
  88   3              }
  89   2          }
  90   1      
  91   1          // 以下为S6~S11行列按键扫描
  92   1          // 所有列置低
  93   1          KEYPORT &= (~((1 << Column1) | (1 << Column2) | (1 << Column3)));
  94   1          // 读入端口先置高
  95   1          // 1<<Line1相当于1<<5 = (0010 0000) 即Line1所在的P35口置高
  96   1          KEYPORT |= (1 << Line1) | (1 << Line2);
  97   1          // 读取按键，将读入端口不用的位屏蔽掉
  98   1          KeyTemp1 = KEYPORT | (~((1 << Line1) | (1 << Line2)));
  99   1          if (KeyTemp1 != 0xff) // 如果有键按下
 100   1          {
 101   2              Delay_ms(10);                                          // 延时，防抖动
 102   2              KeyTemp1 = KEYPORT | (~((1 << Line1) | (1 << Line2))); // 再次读取
 103   2              if (KeyTemp1 != 0xff)                                  // 确实有按键按下
 104   2              {
 105   3                  // 将第一列拉低，其他列置高,扫描第一列
 106   3                  KEYPORT &= (~(1 << Column1));
 107   3                  KEYPORT |= (1 << Column2) | (1 << Column3);
 108   3                  KeyTemp1 = KEYPORT | (~((1 << Line1) | (1 << Line2)));
 109   3                  if (KeyTemp1 != 0xff) // 第一列有键按下
 110   3                  {
 111   4                      while (KeyTemp1 != 0xff) // 等待按键释放
 112   4                      {
 113   5                          KeyTemp2 = KeyTemp1;
 114   5                          KeyTemp1 = KEYPORT | (~((1 << Line1) | (1 << Line2))); // 重新读取
 115   5                      }
 116   4                      switch (KeyTemp2) {
C51 COMPILER V9.59.0.0   KEY                                                               04/18/2026 23:02:51 PAGE 3   

 117   5                          case ~(1 << Line1): // S6按下
 118   5                          {
 119   6                              KeyValue = KEY6;
 120   6      
 121   6                          } break;
 122   5                          case ~(1 << Line2): // S9按下
 123   5                          {
 124   6                              KeyValue = KEY9;
 125   6      
 126   6                          } break;
 127   5                      }
 128   4                  }
 129   3      
 130   3                  // 将第二列拉低，其他列置高,扫描第二列
 131   3                  KEYPORT &= (~(1 << Column2));
 132   3                  KEYPORT |= (1 << Column1) | (1 << Column3);
 133   3                  KeyTemp1 = KEYPORT | (~((1 << Line1) | (1 << Line2))); // 读取行
 134   3                  if (KeyTemp1 != 0xff)                                  // 第二列有键按下
 135   3                  {
 136   4                      while (KeyTemp1 != 0xff) // 等待按键释放
 137   4                      {
 138   5                          KeyTemp2 = KeyTemp1;
 139   5                          KeyTemp1 = KEYPORT | (~((1 << Line1) | (1 << Line2))); // 重新读取
 140   5                      }
 141   4                      switch (KeyTemp2) {
 142   5                          case ~(1 << Line1): // S7按下
 143   5                          {
 144   6                              KeyValue = KEY7;
 145   6      
 146   6                          } break;
 147   5                          case ~(1 << Line2): // S10按下
 148   5                          {
 149   6                              KeyValue = KEY10;
 150   6      
 151   6                          } break;
 152   5                      }
 153   4                  }
 154   3      
 155   3                  // 将第三列拉低，其他列置高,扫描第三列
 156   3                  KEYPORT &= (~(1 << Column3));
 157   3                  KEYPORT |= (1 << Column1) | (1 << Column2);
 158   3                  KeyTemp1 = KEYPORT | (~((1 << Line1) | (1 << Line2))); // 读取行
 159   3                  if (KeyTemp1 != 0xff)                                  // 第三列有键按下
 160   3                  {
 161   4                      while (KeyTemp1 != 0xff) // 等待按键释放
 162   4                      {
 163   5                          KeyTemp2 = KeyTemp1;
 164   5                          KeyTemp1 = KEYPORT | (~((1 << Line1) | (1 << Line2))); // 重新读取
 165   5                      }
 166   4                      switch (KeyTemp2) {
 167   5                          case ~(1 << Line1): // S8按下
 168   5                          {
 169   6                              KeyValue = KEY8;
 170   6      
 171   6                          } break;
 172   5                          case ~(1 << Line2): // S11按下
 173   5                          {
 174   6                              KeyValue = KEY11;
 175   6      
 176   6                          } break;
 177   5                      }
 178   4                  }
C51 COMPILER V9.59.0.0   KEY                                                               04/18/2026 23:02:51 PAGE 4   

 179   3                  return KeyValue;
 180   3              } else {
 181   3                  return 0;
 182   3              }
 183   2          } else {
 184   2              return 0;
 185   2          }
 186   1      }


MODULE INFORMATION:   STATIC OVERLAYABLE
   CODE SIZE        =    353    ----
   CONSTANT SIZE    =   ----    ----
   XDATA SIZE       =   ----    ----
   PDATA SIZE       =   ----    ----
   DATA SIZE        =      1       3
   IDATA SIZE       =   ----    ----
   BIT SIZE         =   ----    ----
END OF MODULE INFORMATION.


C51 COMPILATION COMPLETE.  0 WARNING(S),  0 ERROR(S)
