C51 COMPILER V9.59.0.0   MAIN                                                              04/18/2026 23:02:50 PAGE 1   


C51 COMPILER V9.59.0.0, COMPILATION OF MODULE MAIN
OBJECT MODULE PLACED IN .\Objects\main.obj
COMPILER INVOKED BY: C:\Users\Luna\AppData\Local\Keil_v5\C51\BIN\C51.EXE main.c OPTIMIZE(8,SPEED) BROWSE DEBUG OBJECTEXT
                    -END PRINT(.\Listings\main.lst) OBJECT(.\Objects\main.obj)

line level    source

   1          #include "main.h"
   2          
   3          void main()
   4          {
   5   1          mode = setting;
   6   1      
   7   1          IO_Init();
   8   1          LCD1602_Init();
   9   1          HC595_Init();
  10   1          DS1302_Init(&Clock);
  11   1          InitialSound();
  12   1          LED_Display();
  13   1          while (1) {
  14   2              Key_Process();
  15   2              if ((UpdateTimeFlag == 1) && (mode !=ClockSet)) {
  16   3                  UpdateTimeFlag = 0;
  17   3                  DS1302_GetTime(&Clock);   // 读取时钟
  18   3                  ToTimeDisplayBuf(&Clock); // 显示时钟
  19   3              }
  20   2          }
  21   1      }
  22          void timer2_isr(void) interrupt 12
  23          {
  24   1          // 10ms任务放这里
  25   1          IE2 &= 0xFB; // 清中断标志
  26   1          LED_Display();
  27   1      }
  28          void Delay1ms(unsigned int count)
  29          {
  30   1          unsigned int i, j;
  31   1          for (i = 0; i < count; i++)
  32   1              for (j = 0; j < 1200; j++);
  33   1      }
  34          void Key_Process(void)
  35          {
  36   1          unsigned char KeyNum;
  37   1          if ((KeyNum = Key_Scan()) != 0) // 检测是否有键按下
  38   1          {
  39   2              switch (mode) {
  40   3                  case KeyBoard:
  41   3                      mode = KeyBoard;
  42   3                      break;
  43   3                  case MusicPlay:
  44   3                      mode = MusicPlay;
  45   3                      break;
  46   3                  case AlarmSet:
  47   3                      mode = AlarmSet;
  48   3                      break;
  49   3                  case ClockSet:
  50   3                      mode = ClockSet;
  51   3                      break;
  52   3                  case setting:
  53   3                      mode = setting;
  54   3                      switch (KeyNum) {
C51 COMPILER V9.59.0.0   MAIN                                                              04/18/2026 23:02:50 PAGE 2   

  55   4                          case KEY12:
  56   4                              // 上翻
  57   4                              if (menuIndex > 0) {
  58   5                                  menuIndex--;
  59   5                              }else {
  60   5                                  menuIndex = menuNum - 1; // 循环到最后一个菜单项
  61   5                              }
  62   4                              LCD1602_Display_Str(LINE2, menuItems[menuIndex]); // 显示当前菜单项
  63   4                              break;
  64   4                          case KEY13:
  65   4                              // 下翻
  66   4                              if (menuIndex < menuNum - 1) {
  67   5                                  menuIndex++;
  68   5                              } else {
  69   5                                  menuIndex = 0; // 循环到第一个菜单项
  70   5                              }
  71   4                              LCD1602_Display_Str(LINE2, menuItems[menuIndex]); // 显示当前菜单项
  72   4                              break;
  73   4                          case KEY12L:
  74   4                              // 确认
  75   4                              mode = menuIndex;
  76   4                              break;
  77   4                      }
  78   3                      break;
  79   3              }
  80   2          }
  81   1      }
  82          void ToTimeDisplayBuf(DAYTIME *pClock)
  83          {
  84   1          DispBuf[7] = (pClock->Second) & 0x0f; // 秒低位
  85   1          DispBuf[6] = (pClock->Second) >> 4;   // 秒高位
  86   1      
  87   1          DispBuf[5] = 32; //-
  88   1      
  89   1          DispBuf[4] = (pClock->Minute) & 0x0f;
  90   1          ;                                          // 分钟低位
  91   1          DispBuf[3] = (pClock->Minute & 0xf0) >> 4; // 分钟高位
  92   1      
  93   1          DispBuf[2] = 32; //-
  94   1      
  95   1          DispBuf[1] = (pClock->Hour) & 0x0f;      // 小时低位
  96   1          DispBuf[0] = (pClock->Hour & 0xf0) >> 4; // 小时高位
  97   1      }


MODULE INFORMATION:   STATIC OVERLAYABLE
   CODE SIZE        =    338    ----
   CONSTANT SIZE    =   3569    ----
   XDATA SIZE       =   ----    ----
   PDATA SIZE       =   ----    ----
   DATA SIZE        =     88    ----
   IDATA SIZE       =   ----    ----
   BIT SIZE         =      1    ----
END OF MODULE INFORMATION.


C51 COMPILATION COMPLETE.  0 WARNING(S),  0 ERROR(S)
