C51 COMPILER V9.59.0.0   SOUNDPLAY                                                         04/29/2026 18:27:09 PAGE 1   


C51 COMPILER V9.59.0.0, COMPILATION OF MODULE SOUNDPLAY
OBJECT MODULE PLACED IN .\Objects\SoundPlay.obj
COMPILER INVOKED BY: C:\Users\Luna\AppData\Local\Keil_v5\C51\BIN\C51.EXE SoundPlay.c OPTIMIZE(8,SPEED) BROWSE DEBUG OBJE
                    -CTEXTEND PRINT(.\Listings\SoundPlay.lst) OBJECT(.\Objects\SoundPlay.obj)

line level    source

   1          #include "SoundPlay.h"
   2          #include "key.h"
   3          #include "lcd1602.h"
   4          
   5          sbit BeepIO = P1 ^ 6;
   6          
   7          #define SYSTEM_OSC  11059200UL // е®ҡд№үжҷ¶жҢҜйў‘зҺҮпјҢдҪҝз”ЁULзЎ®дҝқдёәж— з¬ҰеҸ·й•ҝж•ҙеһӢ
   8          #define SOUND_SPACE 4 / 5      // е®ҡд№үжҷ®йҖҡйҹіз¬Ұжј”еҘҸзҡ„й•ҝеәҰеҲҶзҺҮ
   9          
  10          
  11          typedef struct {
  12              unsigned char code *Sound;
  13              unsigned char Signature;
  14              unsigned Octachord;
  15              unsigned int Speed;
  16          } Music;
  17          // е®ҡд№үиҫ“еҮәз®Ўи„ҡ
  18          unsigned int code FreTab[12]    = {262, 277, 294, 311, 330, 349, 369, 392, 415, 440, 466, 494}; // еҺҹе§Ӣй
             -ў‘зҺҮиЎЁ
  19          unsigned char code SignTab[7]   = {0, 2, 4, 5, 7, 9, 11};                                       // 1~7еңЁй
             -ў‘зҺҮиЎЁдёӯзҡ„дҪҚзҪ®
  20          unsigned char code LengthTab[7] = {1, 2, 4, 8, 16, 32, 64};
  21          unsigned int idata PlayTimeTotal;
  22          unsigned char idata Sound_Temp_TH0, Sound_Temp_TL0; // йҹіз¬Ұе®ҡж—¶еҷЁеҲқеҖјжҡӮеӯҳ
  23          unsigned char idata Sound_Temp_TH1, Sound_Temp_TL1; // йҹій•ҝе®ҡж—¶еҷЁеҲқеҖјжҡӮеӯҳ
  24          static unsigned int idata ResumePoint = 0;
  25          static unsigned char code *LastSound  = 0;
  26          
  27          static void DisplayPlayTime(unsigned int seconds)
  28          {
  29   1          unsigned char minutes;
  30   1          unsigned char secs;
  31   1          unsigned char TimeStr[] = "00:00";
  32   1      
  33   1          minutes = (unsigned char)((seconds / 60) % 100);
  34   1          secs    = (unsigned char)(seconds % 60);
  35   1      
  36   1          TimeStr[0] = (minutes / 10) + '0';
  37   1          TimeStr[1] = (minutes % 10) + '0';
  38   1          TimeStr[3] = (secs / 10) + '0';
  39   1          TimeStr[4] = (secs % 10) + '0';
  40   1      
  41   1          LCD1602_Display_Str(LINE1 + 5, TimeStr);
  42   1      }
  43          
  44          static bit PauseRequested(void)
  45          {
  46   1          if (Key_Scan() == KEY12L) {
  47   2              while (Key_Scan() != 0) {
  48   3              }
  49   2              return 1;
  50   2          }
  51   1          return 0;
  52   1      }
C51 COMPILER V9.59.0.0   SOUNDPLAY                                                         04/29/2026 18:27:09 PAGE 2   

  53          
  54          //**************************************************************************
  55          void InitialSound(void)
  56          {
  57   1      
  58   1          unsigned int T1_Reload;
  59   1          BeepIO = 1;
  60   1          // е®ҡж—¶еҷЁ1й…ҚзҪ®
  61   1          T1_Reload = 65536UL - (SYSTEM_OSC / 12 / 100);
  62   1      
  63   1          Sound_Temp_TH1 = T1_Reload / 256;
  64   1          Sound_Temp_TL1 = T1_Reload % 256;
  65   1      
  66   1          // е®ҡж—¶еҷЁй…ҚзҪ®еҜ„еӯҳеҷЁи®ҫзҪ®
  67   1          TMOD = 0x11; // T0е’ҢT1йғҪи®ҫзҪ®дёәжЁЎејҸ1 (16дҪҚе®ҡж—¶еҷЁ)
  68   1      
  69   1          // STC15 AUXRеҜ„еӯҳеҷЁи®ҫзҪ®:
  70   1          AUXR |= 0x80;  // T0и®ҫдёә1T
  71   1          AUXR &= ~0x40; // T1и®ҫдёә12T
  72   1      
  73   1          TH1 = Sound_Temp_TH1;
  74   1          TL1 = Sound_Temp_TL1;
  75   1      
  76   1          ET0 = 1;
  77   1          ET1 = 0; // T1з”ЁдәҺжҹҘиҜўпјҢдёҚејҖеҗҜдёӯж–ӯ
  78   1          TR0 = 0;
  79   1          TR1 = 0;
  80   1          EA  = 1;
  81   1      }
  82          
  83          void BeepTimer0(void) interrupt 1 // йҹіз¬ҰеҸ‘з”ҹдёӯж–ӯ (T0)
  84          {
  85   1          BeepIO = !BeepIO;
  86   1          // йҮҚж–°еҠ иҪҪеҲқеҖј
  87   1          TH0 = Sound_Temp_TH0;
  88   1          TL0 = Sound_Temp_TL0;
  89   1      }
  90          
  91          unsigned int getPlayTime(void)
  92          {
  93   1          return PlayTimeTotal;
  94   1      }
  95          
  96          void resetPlayTime(void)
  97          {
  98   1          PlayTimeTotal = 0;
  99   1      }
 100          
 101          void Play(unsigned char code *Sound, unsigned char Signature, unsigned Octachord, unsigned int Speed, bit 
             -musicPlayFlag)
 102          {
 103   1          unsigned char i;
 104   1          unsigned int Point, LDiv, LDiv0, LDiv1, LDiv2, LDiv4, CurrentFre, Temp_T, SoundLength;
 105   1          unsigned char Tone, Length, SL, SH, SM, SLen, XG, FD;
 106   1          unsigned char PlayTimes = 0;
 107   1          unsigned char NoteIndex;
 108   1          bit UsePlayTimer;
 109   1      
 110   1          if (musicPlayFlag == 0) {
 111   2              TR0    = 0;
 112   2              TR1    = 0;
 113   2              BeepIO = 1;
C51 COMPILER V9.59.0.0   SOUNDPLAY                                                         04/29/2026 18:27:09 PAGE 3   

 114   2              return;
 115   2          }
 116   1      
 117   1          SoundLength = 0;
 118   1          while (Sound[SoundLength] != 0x00) // и®Ўз®—жӯҢжӣІй•ҝеәҰ
 119   1          {
 120   2              SoundLength += 2;
 121   2          }
 122   1      
 123   1          UsePlayTimer = (SoundLength > 8);
 124   1      
 125   1          if (Sound != LastSound) {
 126   2              LastSound   = Sound;
 127   2              ResumePoint = 0;
 128   2          }
 129   1          if (ResumePoint >= SoundLength) {
 130   2              ResumePoint = 0;
 131   2          }
 132   1          if (ResumePoint == 0) {
 133   2              PlayTimeTotal = 0;
 134   2              if (UsePlayTimer) {
 135   3                  DisplayPlayTime(0);
 136   3              }
 137   2          }
 138   1      
 139   1          Point  = ResumePoint;
 140   1          Tone   = Sound[Point];
 141   1          Length = Sound[Point + 1]; // иҜ»еҮәз¬¬дёҖдёӘйҹіз¬Ұе’Ңе®ғж—¶ж—¶еҖј
 142   1      
 143   1          LDiv0 = 12000 / Speed; // з®—еҮә1еҲҶйҹіз¬Ұзҡ„й•ҝеәҰ(еҚ•дҪҚ:10ms)  <-- иҝҷйҮҢеҒҮи®ҫеҹәеҮҶжҳҜ10ms
 144   1          LDiv4 = LDiv0 / 4;     // з®—еҮә4еҲҶйҹіз¬Ұзҡ„й•ҝеәҰ
 145   1          LDiv4 = LDiv4 - LDiv4 * SOUND_SPACE;
 146   1      
 147   1          TR0 = 0;
 148   1          TR1 = 1;
 149   1      
 150   1          while (Point < SoundLength) {
 151   2              if (PauseRequested()) {
 152   3                  ResumePoint = Point;
 153   3                  TR0         = 0;
 154   3                  TR1         = 0;
 155   3                  BeepIO      = 1;
 156   3                  return;
 157   3              }
 158   2              SL = Tone % 10;      // и®Ўз®—еҮәйҹіз¬Ұ
 159   2              SM = Tone / 10 % 10; // и®Ўз®—еҮәй«ҳдҪҺйҹі
 160   2              SH = Tone / 100;     // и®Ўз®—еҮәжҳҜеҗҰеҚҮеҚҠ
 161   2              if (SL != 0) {
 162   3                  NoteIndex = SignTab[SL - 1] + SH;
 163   3                  if (NoteIndex + Signature > 11) {
 164   4                      CurrentFre = FreTab[NoteIndex + Signature - 12] * 2;
 165   4                  } else {
 166   4                      CurrentFre = FreTab[NoteIndex + Signature];
 167   4                  }
 168   3                  if (Octachord == 1)
 169   3                      CurrentFre >>= 2; // йҷҚе…«еәҰ
 170   3                  else if (Octachord == 3)
 171   3                      CurrentFre <<= 2;          // еҚҮе…«еәҰ
 172   3                  if (SM == 1) CurrentFre >>= 2; // дҪҺйҹі
 173   3                  if (SM == 3) CurrentFre <<= 2; // й«ҳйҹі
 174   3                  Temp_T         = 65536UL - (SYSTEM_OSC / CurrentFre / 2);
 175   3                  Sound_Temp_TH0 = Temp_T / 256;
C51 COMPILER V9.59.0.0   SOUNDPLAY                                                         04/29/2026 18:27:09 PAGE 4   

 176   3                  Sound_Temp_TL0 = Temp_T % 256;
 177   3                  TH0            = Sound_Temp_TH0;
 178   3                  TL0            = Sound_Temp_TL0;
 179   3              }
 180   2      
 181   2              SLen = LengthTab[Length % 10]; // з®—еҮәжҳҜеҮ еҲҶйҹіз¬Ұ
 182   2              XG   = Length / 10 % 10;       // з®—еҮәйҹіз¬Ұзұ»еһӢ(0жҷ®йҖҡ1иҝһйҹі2йЎҝйҹі)
 183   2              FD   = Length / 100;           // жңүж— з¬ҰзӮ№(0ж— 1жңү)
 184   2              LDiv = LDiv0 / SLen;           // з®—еҮәиҝһйҹійҹіз¬Ұжј”еҘҸзҡ„й•ҝеәҰ(еӨҡе°‘дёӘ10ms)
 185   2              if (FD == 1)
 186   2                  LDiv = LDiv + LDiv / 2;
 187   2              if (XG != 1)
 188   2                  if (XG == 0) // з®—еҮәжҷ®йҖҡйҹіз¬Ұзҡ„жј”еҘҸй•ҝеәҰ
 189   2                      if (SLen <= 4)
 190   2                          LDiv1 = LDiv - LDiv4;
 191   2                      else
 192   2                          LDiv1 = LDiv * SOUND_SPACE; // ж•ҙж•°иҝҗз®—з»“жһңдёә0пјҢеҚіLDiv1=0
 193   2                  else
 194   2                      LDiv1 = LDiv / 2; // з®—еҮәйЎҝйҹізҡ„жј”еҘҸй•ҝеәҰ
 195   2              else
 196   2                  LDiv1 = LDiv;
 197   2              if (SL == 0) LDiv1 = 0;
 198   2              LDiv2 = LDiv - LDiv1; // з®—еҮәдёҚеҸ‘йҹізҡ„й•ҝеәҰ
 199   2              if (SL != 0) {
 200   3                  TR0 = 1;
 201   3                  for (i = LDiv1; i > 0; i--) // еҸ‘и§„е®ҡй•ҝеәҰзҡ„йҹі
 202   3                  {
 203   4                      while (TF1 == 0); // зӯүеҫ…10msеҲ°
 204   4                      TH1 = Sound_Temp_TH1;
 205   4                      TL1 = Sound_Temp_TL1;
 206   4                      PlayTimes++;
 207   4                      TF1 = 0;
 208   4                      if (PauseRequested()) {
 209   5                          ResumePoint = Point;
 210   5                          TR0         = 0;
 211   5                          TR1         = 0;
 212   5                          BeepIO      = 1;
 213   5                          return;
 214   5                      }
 215   4                  }
 216   3              }
 217   2              if (LDiv2 != 0) {
 218   3                  TR0    = 0;
 219   3                  BeepIO = 1;
 220   3                  for (i = LDiv2; i > 0; i--) // йҹіз¬Ұй—ҙзҡ„й—ҙйҡ”
 221   3                  {
 222   4                      while (TF1 == 0);
 223   4                      TH1 = Sound_Temp_TH1;
 224   4                      TL1 = Sound_Temp_TL1;
 225   4                      PlayTimes++;
 226   4                      TF1 = 0;
 227   4                      if (PauseRequested()) {
 228   5                          ResumePoint = Point;
 229   5                          TR0         = 0;
 230   5                          TR1         = 0;
 231   5                          BeepIO      = 1;
 232   5                          return;
 233   5                      }
 234   4                  }
 235   3              }
 236   2              Point += 2;
 237   2              Tone   = Sound[Point];
C51 COMPILER V9.59.0.0   SOUNDPLAY                                                         04/29/2026 18:27:09 PAGE 5   

 238   2              Length = Sound[Point + 1];
 239   2              if (PlayTimes >= 99) {
 240   3                  PlayTimes = 0;
 241   3                  PlayTimeTotal++;
 242   3                  if (UsePlayTimer) {
 243   4                      DisplayPlayTime(PlayTimeTotal);
 244   4                  }
 245   3              }
 246   2          }
 247   1          ResumePoint = 0;
 248   1          BeepIO      = 1;
 249   1          TR0         = 0;
 250   1          TR1         = 0;
 251   1      }


MODULE INFORMATION:   STATIC OVERLAYABLE
   CODE SIZE        =   1109    ----
   CONSTANT SIZE    =   3486    ----
   XDATA SIZE       =   ----    ----
   PDATA SIZE       =   ----    ----
   DATA SIZE        =      2      37
   IDATA SIZE       =      8    ----
   BIT SIZE         =   ----       2
END OF MODULE INFORMATION.


C51 COMPILATION COMPLETE.  0 WARNING(S),  0 ERROR(S)
